The system is: Linux - 4.15.0-29-generic - x86_64
Compiling the C compiler identification source file "CMakeCCompilerId.c" succeeded.
Compiler: /usr/bin/cc 
Build flags: 
Id flags:  

The output was:
0


Compilation of the C compiler identification source "CMakeCCompilerId.c" produced "a.out"

The C compiler identification is GNU, found in "/home/fernando/Documentos/BE3AV/programas/build/CMakeFiles/3.10.2/CompilerIdC/a.out"

Compiling the CXX compiler identification source file "CMakeCXXCompilerId.cpp" succeeded.
Compiler: /usr/bin/c++ 
Build flags: 
Id flags:  

The output was:
0


Compilation of the CXX compiler identification source "CMakeCXXCompilerId.cpp" produced "a.out"

The CXX compiler identification is GNU, found in "/home/fernando/Documentos/BE3AV/programas/build/CMakeFiles/3.10.2/CompilerIdCXX/a.out"

Determining if the C compiler works passed with the following output:
Change Dir: /home/fernando/Documentos/BE3AV/programas/build/CMakeFiles/CMakeTmp

Run Build Command:"/usr/bin/make" "cmTC_4a675/fast"
/usr/bin/make -f CMakeFiles/cmTC_4a675.dir/build.make CMakeFiles/cmTC_4a675.dir/build
make[1]: Entering directory '/home/fernando/Documentos/BE3AV/programas/build/CMakeFiles/CMakeTmp'
Building C object CMakeFiles/cmTC_4a675.dir/testCCompiler.c.o
/usr/bin/cc    -o CMakeFiles/cmTC_4a675.dir/testCCompiler.c.o   -c /home/fernando/Documentos/BE3AV/programas/build/CMakeFiles/CMakeTmp/testCCompiler.c
Linking C executable cmTC_4a675
/usr/bin/cmake -E cmake_link_script CMakeFiles/cmTC_4a675.dir/link.txt --verbose=1
/usr/bin/cc      -rdynamic CMakeFiles/cmTC_4a675.dir/testCCompiler.c.o  -o cmTC_4a675 
make[1]: Leaving directory '/home/fernando/Documentos/BE3AV/programas/build/CMakeFiles/CMakeTmp'


Detecting C compiler ABI info compiled with the following output:
Change Dir: /home/fernando/Documentos/BE3AV/programas/build/CMakeFiles/CMakeTmp

Run Build Command:"/usr/bin/make" "cmTC_63354/fast"
/usr/bin/make -f CMakeFiles/cmTC_63354.dir/build.make CMakeFiles/cmTC_63354.dir/build
make[1]: Entering directory '/home/fernando/Documentos/BE3AV/programas/build/CMakeFiles/CMakeTmp'
Building C object CMakeFiles/cmTC_63354.dir/CMakeCCompilerABI.c.o
/usr/bin/cc    -o CMakeFiles/cmTC_63354.dir/CMakeCCompilerABI.c.o   -c /usr/share/cmake-3.10/Modules/CMakeCCompilerABI.c
Linking C executable cmTC_63354
/usr/bin/cmake -E cmake_link_script CMakeFiles/cmTC_63354.dir/link.txt --verbose=1
/usr/bin/cc     -v -rdynamic CMakeFiles/cmTC_63354.dir/CMakeCCompilerABI.c.o  -o cmTC_63354 
Using built-in specs.
COLLECT_GCC=/usr/bin/cc
COLLECT_LTO_WRAPPER=/usr/lib/gcc/x86_64-linux-gnu/7/lto-wrapper
OFFLOAD_TARGET_NAMES=nvptx-none
OFFLOAD_TARGET_DEFAULT=1
Target: x86_64-linux-gnu
Configured with: ../src/configure -v --with-pkgversion='Ubuntu 7.3.0-27ubuntu1~18.04' --with-bugurl=file:///usr/share/doc/gcc-7/README.Bugs --enable-languages=c,ada,c++,go,brig,d,fortran,objc,obj-c++ --prefix=/usr --with-gcc-major-version-only --program-suffix=-7 --program-prefix=x86_64-linux-gnu- --enable-shared --enable-linker-build-id --libexecdir=/usr/lib --without-included-gettext --enable-threads=posix --libdir=/usr/lib --enable-nls --with-sysroot=/ --enable-clocale=gnu --enable-libstdcxx-debug --enable-libstdcxx-time=yes --with-default-libstdcxx-abi=new --enable-gnu-unique-object --disable-vtable-verify --enable-libmpx --enable-plugin --enable-default-pie --with-system-zlib --with-target-system-zlib --enable-objc-gc=auto --enable-multiarch --disable-werror --with-arch-32=i686 --with-abi=m64 --with-multilib-list=m32,m64,mx32 --enable-multilib --with-tune=generic --enable-offload-targets=nvptx-none --without-cuda-driver --enable-checking=release --build=x86_64-linux-gnu --host=x86_64-linux-gnu --target=x86_64-linux-gnu
Thread model: posix
gcc version 7.3.0 (Ubuntu 7.3.0-27ubuntu1~18.04) 
COMPILER_PATH=/usr/lib/gcc/x86_64-linux-gnu/7/:/usr/lib/gcc/x86_64-linux-gnu/7/:/usr/lib/gcc/x86_64-linux-gnu/:/usr/lib/gcc/x86_64-linux-gnu/7/:/usr/lib/gcc/x86_64-linux-gnu/
LIBRARY_PATH=/usr/lib/gcc/x86_64-linux-gnu/7/:/usr/lib/gcc/x86_64-linux-gnu/7/../../../x86_64-linux-gnu/:/usr/lib/gcc/x86_64-linux-gnu/7/../../../../lib/:/lib/x86_64-linux-gnu/:/lib/../lib/:/usr/lib/x86_64-linux-gnu/:/usr/lib/../lib/:/usr/lib/gcc/x86_64-linux-gnu/7/../../../:/lib/:/usr/lib/
COLLECT_GCC_OPTIONS='-v' '-rdynamic' '-o' 'cmTC_63354' '-mtune=generic' '-march=x86-64'
 /usr/lib/gcc/x86_64-linux-gnu/7/collect2 -plugin /usr/lib/gcc/x86_64-linux-gnu/7/liblto_plugin.so -plugin-opt=/usr/lib/gcc/x86_64-linux-gnu/7/lto-wrapper -plugin-opt=-fresolution=/tmp/ccRs6Ndx.res -plugin-opt=-pass-through=-lgcc -plugin-opt=-pass-through=-lgcc_s -plugin-opt=-pass-through=-lc -plugin-opt=-pass-through=-lgcc -plugin-opt=-pass-through=-lgcc_s --sysroot=/ --build-id --eh-frame-hdr -m elf_x86_64 --hash-style=gnu --as-needed -export-dynamic -dynamic-linker /lib64/ld-linux-x86-64.so.2 -pie -z now -z relro -o cmTC_63354 /usr/lib/gcc/x86_64-linux-gnu/7/../../../x86_64-linux-gnu/Scrt1.o /usr/lib/gcc/x86_64-linux-gnu/7/../../../x86_64-linux-gnu/crti.o /usr/lib/gcc/x86_64-linux-gnu/7/crtbeginS.o -L/usr/lib/gcc/x86_64-linux-gnu/7 -L/usr/lib/gcc/x86_64-linux-gnu/7/../../../x86_64-linux-gnu -L/usr/lib/gcc/x86_64-linux-gnu/7/../../../../lib -L/lib/x86_64-linux-gnu -L/lib/../lib -L/usr/lib/x86_64-linux-gnu -L/usr/lib/../lib -L/usr/lib/gcc/x86_64-linux-gnu/7/../../.. CMakeFiles/cmTC_63354.dir/CMakeCCompilerABI.c.o -lgcc --push-state --as-needed -lgcc_s --pop-state -lc -lgcc --push-state --as-needed -lgcc_s --pop-state /usr/lib/gcc/x86_64-linux-gnu/7/crtendS.o /usr/lib/gcc/x86_64-linux-gnu/7/../../../x86_64-linux-gnu/crtn.o
COLLECT_GCC_OPTIONS='-v' '-rdynamic' '-o' 'cmTC_63354' '-mtune=generic' '-march=x86-64'
make[1]: Leaving directory '/home/fernando/Documentos/BE3AV/programas/build/CMakeFiles/CMakeTmp'


Parsed C implicit link information from above output:
  link line regex: [^( *|.*[/\])(ld|CMAKE_LINK_STARTFILE-NOTFOUND|([^/\]+-)?ld|collect2)[^/\]*( |$)]
  ignore line: [Change Dir: /home/fernando/Documentos/BE3AV/programas/build/CMakeFiles/CMakeTmp]
  ignore line: []
  ignore line: [Run Build Command:"/usr/bin/make" "cmTC_63354/fast"]
  ignore line: [/usr/bin/make -f CMakeFiles/cmTC_63354.dir/build.make CMakeFiles/cmTC_63354.dir/build]
  ignore line: [make[1]: Entering directory '/home/fernando/Documentos/BE3AV/programas/build/CMakeFiles/CMakeTmp']
  ignore line: [Building C object CMakeFiles/cmTC_63354.dir/CMakeCCompilerABI.c.o]
  ignore line: [/usr/bin/cc    -o CMakeFiles/cmTC_63354.dir/CMakeCCompilerABI.c.o   -c /usr/share/cmake-3.10/Modules/CMakeCCompilerABI.c]
  ignore line: [Linking C executable cmTC_63354]
  ignore line: [/usr/bin/cmake -E cmake_link_script CMakeFiles/cmTC_63354.dir/link.txt --verbose=1]
  ignore line: [/usr/bin/cc     -v -rdynamic CMakeFiles/cmTC_63354.dir/CMakeCCompilerABI.c.o  -o cmTC_63354 ]
  ignore line: [Using built-in specs.]
  ignore line: [COLLECT_GCC=/usr/bin/cc]
  ignore line: [COLLECT_LTO_WRAPPER=/usr/lib/gcc/x86_64-linux-gnu/7/lto-wrapper]
  ignore line: [OFFLOAD_TARGET_NAMES=nvptx-none]
  ignore line: [OFFLOAD_TARGET_DEFAULT=1]
  ignore line: [Target: x86_64-linux-gnu]
  ignore line: [Configured with: ../src/configure -v --with-pkgversion='Ubuntu 7.3.0-27ubuntu1~18.04' --with-bugurl=file:///usr/share/doc/gcc-7/README.Bugs --enable-languages=c,ada,c++,go,brig,d,fortran,objc,obj-c++ --prefix=/usr --with-gcc-major-version-only --program-suffix=-7 --program-prefix=x86_64-linux-gnu- --enable-shared --enable-linker-build-id --libexecdir=/usr/lib --without-included-gettext --enable-threads=posix --libdir=/usr/lib --enable-nls --with-sysroot=/ --enable-clocale=gnu --enable-libstdcxx-debug --enable-libstdcxx-time=yes --with-default-libstdcxx-abi=new --enable-gnu-unique-object --disable-vtable-verify --enable-libmpx --enable-plugin --enable-default-pie --with-system-zlib --with-target-system-zlib --enable-objc-gc=auto --enable-multiarch --disable-werror --with-arch-32=i686 --with-abi=m64 --with-multilib-list=m32,m64,mx32 --enable-multilib --with-tune=generic --enable-offload-targets=nvptx-none --without-cuda-driver --enable-checking=release --build=x86_64-linux-gnu --host=x86_64-linux-gnu --target=x86_64-linux-gnu]
  ignore line: [Thread model: posix]
  ignore line: [gcc version 7.3.0 (Ubuntu 7.3.0-27ubuntu1~18.04) ]
  ignore line: [COMPILER_PATH=/usr/lib/gcc/x86_64-linux-gnu/7/:/usr/lib/gcc/x86_64-linux-gnu/7/:/usr/lib/gcc/x86_64-linux-gnu/:/usr/lib/gcc/x86_64-linux-gnu/7/:/usr/lib/gcc/x86_64-linux-gnu/]
  ignore line: [LIBRARY_PATH=/usr/lib/gcc/x86_64-linux-gnu/7/:/usr/lib/gcc/x86_64-linux-gnu/7/../../../x86_64-linux-gnu/:/usr/lib/gcc/x86_64-linux-gnu/7/../../../../lib/:/lib/x86_64-linux-gnu/:/lib/../lib/:/usr/lib/x86_64-linux-gnu/:/usr/lib/../lib/:/usr/lib/gcc/x86_64-linux-gnu/7/../../../:/lib/:/usr/lib/]
  ignore line: [COLLECT_GCC_OPTIONS='-v' '-rdynamic' '-o' 'cmTC_63354' '-mtune=generic' '-march=x86-64']
  link line: [ /usr/lib/gcc/x86_64-linux-gnu/7/collect2 -plugin /usr/lib/gcc/x86_64-linux-gnu/7/liblto_plugin.so -plugin-opt=/usr/lib/gcc/x86_64-linux-gnu/7/lto-wrapper -plugin-opt=-fresolution=/tmp/ccRs6Ndx.res -plugin-opt=-pass-through=-lgcc -plugin-opt=-pass-through=-lgcc_s -plugin-opt=-pass-through=-lc -plugin-opt=-pass-through=-lgcc -plugin-opt=-pass-through=-lgcc_s --sysroot=/ --build-id --eh-frame-hdr -m elf_x86_64 --hash-style=gnu --as-needed -export-dynamic -dynamic-linker /lib64/ld-linux-x86-64.so.2 -pie -z now -z relro -o cmTC_63354 /usr/lib/gcc/x86_64-linux-gnu/7/../../../x86_64-linux-gnu/Scrt1.o /usr/lib/gcc/x86_64-linux-gnu/7/../../../x86_64-linux-gnu/crti.o /usr/lib/gcc/x86_64-linux-gnu/7/crtbeginS.o -L/usr/lib/gcc/x86_64-linux-gnu/7 -L/usr/lib/gcc/x86_64-linux-gnu/7/../../../x86_64-linux-gnu -L/usr/lib/gcc/x86_64-linux-gnu/7/../../../../lib -L/lib/x86_64-linux-gnu -L/lib/../lib -L/usr/lib/x86_64-linux-gnu -L/usr/lib/../lib -L/usr/lib/gcc/x86_64-linux-gnu/7/../../.. CMakeFiles/cmTC_63354.dir/CMakeCCompilerABI.c.o -lgcc --push-state --as-needed -lgcc_s --pop-state -lc -lgcc --push-state --as-needed -lgcc_s --pop-state /usr/lib/gcc/x86_64-linux-gnu/7/crtendS.o /usr/lib/gcc/x86_64-linux-gnu/7/../../../x86_64-linux-gnu/crtn.o]
    arg [/usr/lib/gcc/x86_64-linux-gnu/7/collect2] ==> ignore
    arg [-plugin] ==> ignore
    arg [/usr/lib/gcc/x86_64-linux-gnu/7/liblto_plugin.so] ==> ignore
    arg [-plugin-opt=/usr/lib/gcc/x86_64-linux-gnu/7/lto-wrapper] ==> ignore
    arg [-plugin-opt=-fresolution=/tmp/ccRs6Ndx.res] ==> ignore
    arg [-plugin-opt=-pass-through=-lgcc] ==> ignore
    arg [-plugin-opt=-pass-through=-lgcc_s] ==> ignore
    arg [-plugin-opt=-pass-through=-lc] ==> ignore
    arg [-plugin-opt=-pass-through=-lgcc] ==> ignore
    arg [-plugin-opt=-pass-through=-lgcc_s] ==> ignore
    arg [--sysroot=/] ==> ignore
    arg [--build-id] ==> ignore
    arg [--eh-frame-hdr] ==> ignore
    arg [-m] ==> ignore
    arg [elf_x86_64] ==> ignore
    arg [--hash-style=gnu] ==> ignore
    arg [--as-needed] ==> ignore
    arg [-export-dynamic] ==> ignore
    arg [-dynamic-linker] ==> ignore
    arg [/lib64/ld-linux-x86-64.so.2] ==> ignore
    arg [-pie] ==> ignore
    arg [-znow] ==> ignore
    arg [-zrelro] ==> ignore
    arg [-o] ==> ignore
    arg [cmTC_63354] ==> ignore
    arg [/usr/lib/gcc/x86_64-linux-gnu/7/../../../x86_64-linux-gnu/Scrt1.o] ==> ignore
    arg [/usr/lib/gcc/x86_64-linux-gnu/7/../../../x86_64-linux-gnu/crti.o] ==> ignore
    arg [/usr/lib/gcc/x86_64-linux-gnu/7/crtbeginS.o] ==> ignore
    arg [-L/usr/lib/gcc/x86_64-linux-gnu/7] ==> dir [/usr/lib/gcc/x86_64-linux-gnu/7]
    arg [-L/usr/lib/gcc/x86_64-linux-gnu/7/../../../x86_64-linux-gnu] ==> dir [/usr/lib/gcc/x86_64-linux-gnu/7/../../../x86_64-linux-gnu]
    arg [-L/usr/lib/gcc/x86_64-linux-gnu/7/../../../../lib] ==> dir [/usr/lib/gcc/x86_64-linux-gnu/7/../../../../lib]
    arg [-L/lib/x86_64-linux-gnu] ==> dir [/lib/x86_64-linux-gnu]
    arg [-L/lib/../lib] ==> dir [/lib/../lib]
    arg [-L/usr/lib/x86_64-linux-gnu] ==> dir [/usr/lib/x86_64-linux-gnu]
    arg [-L/usr/lib/../lib] ==> dir [/usr/lib/../lib]
    arg [-L/usr/lib/gcc/x86_64-linux-gnu/7/../../..] ==> dir [/usr/lib/gcc/x86_64-linux-gnu/7/../../..]
    arg [CMakeFiles/cmTC_63354.dir/CMakeCCompilerABI.c.o] ==> ignore
    arg [-lgcc] ==> lib [gcc]
    arg [--push-state] ==> ignore
    arg [--as-needed] ==> ignore
    arg [-lgcc_s] ==> lib [gcc_s]
    arg [--pop-state] ==> ignore
    arg [-lc] ==> lib [c]
    arg [-lgcc] ==> lib [gcc]
    arg [--push-state] ==> ignore
    arg [--as-needed] ==> ignore
    arg [-lgcc_s] ==> lib [gcc_s]
    arg [--pop-state] ==> ignore
    arg [/usr/lib/gcc/x86_64-linux-gnu/7/crtendS.o] ==> ignore
    arg [/usr/lib/gcc/x86_64-linux-gnu/7/../../../x86_64-linux-gnu/crtn.o] ==> ignore
  collapse library dir [/usr/lib/gcc/x86_64-linux-gnu/7] ==> [/usr/lib/gcc/x86_64-linux-gnu/7]
  collapse library dir [/usr/lib/gcc/x86_64-linux-gnu/7/../../../x86_64-linux-gnu] ==> [/usr/lib/x86_64-linux-gnu]
  collapse library dir [/usr/lib/gcc/x86_64-linux-gnu/7/../../../../lib] ==> [/usr/lib]
  collapse library dir [/lib/x86_64-linux-gnu] ==> [/lib/x86_64-linux-gnu]
  collapse library dir [/lib/../lib] ==> [/lib]
  collapse library dir [/usr/lib/x86_64-linux-gnu] ==> [/usr/lib/x86_64-linux-gnu]
  collapse library dir [/usr/lib/../lib] ==> [/usr/lib]
  collapse library dir [/usr/lib/gcc/x86_64-linux-gnu/7/../../..] ==> [/usr/lib]
  implicit libs: [gcc;gcc_s;c;gcc;gcc_s]
  implicit dirs: [/usr/lib/gcc/x86_64-linux-gnu/7;/usr/lib/x86_64-linux-gnu;/usr/lib;/lib/x86_64-linux-gnu;/lib]
  implicit fwks: []




Detecting C [-std=c11] compiler features compiled with the following output:
Change Dir: /home/fernando/Documentos/BE3AV/programas/build/CMakeFiles/CMakeTmp

Run Build Command:"/usr/bin/make" "cmTC_4822a/fast"
/usr/bin/make -f CMakeFiles/cmTC_4822a.dir/build.make CMakeFiles/cmTC_4822a.dir/build
make[1]: Entering directory '/home/fernando/Documentos/BE3AV/programas/build/CMakeFiles/CMakeTmp'
Building C object CMakeFiles/cmTC_4822a.dir/feature_tests.c.o
/usr/bin/cc   -std=c11 -o CMakeFiles/cmTC_4822a.dir/feature_tests.c.o   -c /home/fernando/Documentos/BE3AV/programas/build/CMakeFiles/feature_tests.c
Linking C executable cmTC_4822a
/usr/bin/cmake -E cmake_link_script CMakeFiles/cmTC_4822a.dir/link.txt --verbose=1
/usr/bin/cc      -rdynamic CMakeFiles/cmTC_4822a.dir/feature_tests.c.o  -o cmTC_4822a 
make[1]: Leaving directory '/home/fernando/Documentos/BE3AV/programas/build/CMakeFiles/CMakeTmp'


    Feature record: C_FEATURE:1c_function_prototypes
    Feature record: C_FEATURE:1c_restrict
    Feature record: C_FEATURE:1c_static_assert
    Feature record: C_FEATURE:1c_variadic_macros


Detecting C [-std=c99] compiler features compiled with the following output:
Change Dir: /home/fernando/Documentos/BE3AV/programas/build/CMakeFiles/CMakeTmp

Run Build Command:"/usr/bin/make" "cmTC_71c46/fast"
/usr/bin/make -f CMakeFiles/cmTC_71c46.dir/build.make CMakeFiles/cmTC_71c46.dir/build
make[1]: Entering directory '/home/fernando/Documentos/BE3AV/programas/build/CMakeFiles/CMakeTmp'
Building C object CMakeFiles/cmTC_71c46.dir/feature_tests.c.o
/usr/bin/cc   -std=c99 -o CMakeFiles/cmTC_71c46.dir/feature_tests.c.o   -c /home/fernando/Documentos/BE3AV/programas/build/CMakeFiles/feature_tests.c
Linking C executable cmTC_71c46
/usr/bin/cmake -E cmake_link_script CMakeFiles/cmTC_71c46.dir/link.txt --verbose=1
/usr/bin/cc      -rdynamic CMakeFiles/cmTC_71c46.dir/feature_tests.c.o  -o cmTC_71c46 
make[1]: Leaving directory '/home/fernando/Documentos/BE3AV/programas/build/CMakeFiles/CMakeTmp'


    Feature record: C_FEATURE:1c_function_prototypes
    Feature record: C_FEATURE:1c_restrict
    Feature record: C_FEATURE:0c_static_assert
    Feature record: C_FEATURE:1c_variadic_macros


Detecting C [-std=c90] compiler features compiled with the following output:
Change Dir: /home/fernando/Documentos/BE3AV/programas/build/CMakeFiles/CMakeTmp

Run Build Command:"/usr/bin/make" "cmTC_75c79/fast"
/usr/bin/make -f CMakeFiles/cmTC_75c79.dir/build.make CMakeFiles/cmTC_75c79.dir/build
make[1]: Entering directory '/home/fernando/Documentos/BE3AV/programas/build/CMakeFiles/CMakeTmp'
Building C object CMakeFiles/cmTC_75c79.dir/feature_tests.c.o
/usr/bin/cc   -std=c90 -o CMakeFiles/cmTC_75c79.dir/feature_tests.c.o   -c /home/fernando/Documentos/BE3AV/programas/build/CMakeFiles/feature_tests.c
Linking C executable cmTC_75c79
/usr/bin/cmake -E cmake_link_script CMakeFiles/cmTC_75c79.dir/link.txt --verbose=1
/usr/bin/cc      -rdynamic CMakeFiles/cmTC_75c79.dir/feature_tests.c.o  -o cmTC_75c79 
make[1]: Leaving directory '/home/fernando/Documentos/BE3AV/programas/build/CMakeFiles/CMakeTmp'


    Feature record: C_FEATURE:1c_function_prototypes
    Feature record: C_FEATURE:0c_restrict
    Feature record: C_FEATURE:0c_static_assert
    Feature record: C_FEATURE:0c_variadic_macros
Determining if the CXX compiler works passed with the following output:
Change Dir: /home/fernando/Documentos/BE3AV/programas/build/CMakeFiles/CMakeTmp

Run Build Command:"/usr/bin/make" "cmTC_6504c/fast"
/usr/bin/make -f CMakeFiles/cmTC_6504c.dir/build.make CMakeFiles/cmTC_6504c.dir/build
make[1]: Entering directory '/home/fernando/Documentos/BE3AV/programas/build/CMakeFiles/CMakeTmp'
Building CXX object CMakeFiles/cmTC_6504c.dir/testCXXCompiler.cxx.o
/usr/bin/c++     -o CMakeFiles/cmTC_6504c.dir/testCXXCompiler.cxx.o -c /home/fernando/Documentos/BE3AV/programas/build/CMakeFiles/CMakeTmp/testCXXCompiler.cxx
Linking CXX executable cmTC_6504c
/usr/bin/cmake -E cmake_link_script CMakeFiles/cmTC_6504c.dir/link.txt --verbose=1
/usr/bin/c++       -rdynamic CMakeFiles/cmTC_6504c.dir/testCXXCompiler.cxx.o  -o cmTC_6504c 
make[1]: Leaving directory '/home/fernando/Documentos/BE3AV/programas/build/CMakeFiles/CMakeTmp'


Detecting CXX compiler ABI info compiled with the following output:
Change Dir: /home/fernando/Documentos/BE3AV/programas/build/CMakeFiles/CMakeTmp

Run Build Command:"/usr/bin/make" "cmTC_1f2bc/fast"
/usr/bin/make -f CMakeFiles/cmTC_1f2bc.dir/build.make CMakeFiles/cmTC_1f2bc.dir/build
make[1]: Entering directory '/home/fernando/Documentos/BE3AV/programas/build/CMakeFiles/CMakeTmp'
Building CXX object CMakeFiles/cmTC_1f2bc.dir/CMakeCXXCompilerABI.cpp.o
/usr/bin/c++     -o CMakeFiles/cmTC_1f2bc.dir/CMakeCXXCompilerABI.cpp.o -c /usr/share/cmake-3.10/Modules/CMakeCXXCompilerABI.cpp
Linking CXX executable cmTC_1f2bc
/usr/bin/cmake -E cmake_link_script CMakeFiles/cmTC_1f2bc.dir/link.txt --verbose=1
/usr/bin/c++      -v -rdynamic CMakeFiles/cmTC_1f2bc.dir/CMakeCXXCompilerABI.cpp.o  -o cmTC_1f2bc 
Using built-in specs.
COLLECT_GCC=/usr/bin/c++
COLLECT_LTO_WRAPPER=/usr/lib/gcc/x86_64-linux-gnu/7/lto-wrapper
OFFLOAD_TARGET_NAMES=nvptx-none
OFFLOAD_TARGET_DEFAULT=1
Target: x86_64-linux-gnu
Configured with: ../src/configure -v --with-pkgversion='Ubuntu 7.3.0-27ubuntu1~18.04' --with-bugurl=file:///usr/share/doc/gcc-7/README.Bugs --enable-languages=c,ada,c++,go,brig,d,fortran,objc,obj-c++ --prefix=/usr --with-gcc-major-version-only --program-suffix=-7 --program-prefix=x86_64-linux-gnu- --enable-shared --enable-linker-build-id --libexecdir=/usr/lib --without-included-gettext --enable-threads=posix --libdir=/usr/lib --enable-nls --with-sysroot=/ --enable-clocale=gnu --enable-libstdcxx-debug --enable-libstdcxx-time=yes --with-default-libstdcxx-abi=new --enable-gnu-unique-object --disable-vtable-verify --enable-libmpx --enable-plugin --enable-default-pie --with-system-zlib --with-target-system-zlib --enable-objc-gc=auto --enable-multiarch --disable-werror --with-arch-32=i686 --with-abi=m64 --with-multilib-list=m32,m64,mx32 --enable-multilib --with-tune=generic --enable-offload-targets=nvptx-none --without-cuda-driver --enable-checking=release --build=x86_64-linux-gnu --host=x86_64-linux-gnu --target=x86_64-linux-gnu
Thread model: posix
gcc version 7.3.0 (Ubuntu 7.3.0-27ubuntu1~18.04) 
COMPILER_PATH=/usr/lib/gcc/x86_64-linux-gnu/7/:/usr/lib/gcc/x86_64-linux-gnu/7/:/usr/lib/gcc/x86_64-linux-gnu/:/usr/lib/gcc/x86_64-linux-gnu/7/:/usr/lib/gcc/x86_64-linux-gnu/
LIBRARY_PATH=/usr/lib/gcc/x86_64-linux-gnu/7/:/usr/lib/gcc/x86_64-linux-gnu/7/../../../x86_64-linux-gnu/:/usr/lib/gcc/x86_64-linux-gnu/7/../../../../lib/:/lib/x86_64-linux-gnu/:/lib/../lib/:/usr/lib/x86_64-linux-gnu/:/usr/lib/../lib/:/usr/lib/gcc/x86_64-linux-gnu/7/../../../:/lib/:/usr/lib/
COLLECT_GCC_OPTIONS='-v' '-rdynamic' '-o' 'cmTC_1f2bc' '-shared-libgcc' '-mtune=generic' '-march=x86-64'
 /usr/lib/gcc/x86_64-linux-gnu/7/collect2 -plugin /usr/lib/gcc/x86_64-linux-gnu/7/liblto_plugin.so -plugin-opt=/usr/lib/gcc/x86_64-linux-gnu/7/lto-wrapper -plugin-opt=-fresolution=/tmp/ccuYEpbn.res -plugin-opt=-pass-through=-lgcc_s -plugin-opt=-pass-through=-lgcc -plugin-opt=-pass-through=-lc -plugin-opt=-pass-through=-lgcc_s -plugin-opt=-pass-through=-lgcc --sysroot=/ --build-id --eh-frame-hdr -m elf_x86_64 --hash-style=gnu --as-needed -export-dynamic -dynamic-linker /lib64/ld-linux-x86-64.so.2 -pie -z now -z relro -o cmTC_1f2bc /usr/lib/gcc/x86_64-linux-gnu/7/../../../x86_64-linux-gnu/Scrt1.o /usr/lib/gcc/x86_64-linux-gnu/7/../../../x86_64-linux-gnu/crti.o /usr/lib/gcc/x86_64-linux-gnu/7/crtbeginS.o -L/usr/lib/gcc/x86_64-linux-gnu/7 -L/usr/lib/gcc/x86_64-linux-gnu/7/../../../x86_64-linux-gnu -L/usr/lib/gcc/x86_64-linux-gnu/7/../../../../lib -L/lib/x86_64-linux-gnu -L/lib/../lib -L/usr/lib/x86_64-linux-gnu -L/usr/lib/../lib -L/usr/lib/gcc/x86_64-linux-gnu/7/../../.. CMakeFiles/cmTC_1f2bc.dir/CMakeCXXCompilerABI.cpp.o -lstdc++ -lm -lgcc_s -lgcc -lc -lgcc_s -lgcc /usr/lib/gcc/x86_64-linux-gnu/7/crtendS.o /usr/lib/gcc/x86_64-linux-gnu/7/../../../x86_64-linux-gnu/crtn.o
COLLECT_GCC_OPTIONS='-v' '-rdynamic' '-o' 'cmTC_1f2bc' '-shared-libgcc' '-mtune=generic' '-march=x86-64'
make[1]: Leaving directory '/home/fernando/Documentos/BE3AV/programas/build/CMakeFiles/CMakeTmp'


Parsed CXX implicit link information from above output:
  link line regex: [^( *|.*[/\])(ld|CMAKE_LINK_STARTFILE-NOTFOUND|([^/\]+-)?ld|collect2)[^/\]*( |$)]
  ignore line: [Change Dir: /home/fernando/Documentos/BE3AV/programas/build/CMakeFiles/CMakeTmp]
  ignore line: []
  ignore line: [Run Build Command:"/usr/bin/make" "cmTC_1f2bc/fast"]
  ignore line: [/usr/bin/make -f CMakeFiles/cmTC_1f2bc.dir/build.make CMakeFiles/cmTC_1f2bc.dir/build]
  ignore line: [make[1]: Entering directory '/home/fernando/Documentos/BE3AV/programas/build/CMakeFiles/CMakeTmp']
  ignore line: [Building CXX object CMakeFiles/cmTC_1f2bc.dir/CMakeCXXCompilerABI.cpp.o]
  ignore line: [/usr/bin/c++     -o CMakeFiles/cmTC_1f2bc.dir/CMakeCXXCompilerABI.cpp.o -c /usr/share/cmake-3.10/Modules/CMakeCXXCompilerABI.cpp]
  ignore line: [Linking CXX executable cmTC_1f2bc]
  ignore line: [/usr/bin/cmake -E cmake_link_script CMakeFiles/cmTC_1f2bc.dir/link.txt --verbose=1]
  ignore line: [/usr/bin/c++      -v -rdynamic CMakeFiles/cmTC_1f2bc.dir/CMakeCXXCompilerABI.cpp.o  -o cmTC_1f2bc ]
  ignore line: [Using built-in specs.]
  ignore line: [COLLECT_GCC=/usr/bin/c++]
  ignore line: [COLLECT_LTO_WRAPPER=/usr/lib/gcc/x86_64-linux-gnu/7/lto-wrapper]
  ignore line: [OFFLOAD_TARGET_NAMES=nvptx-none]
  ignore line: [OFFLOAD_TARGET_DEFAULT=1]
  ignore line: [Target: x86_64-linux-gnu]
  ignore line: [Configured with: ../src/configure -v --with-pkgversion='Ubuntu 7.3.0-27ubuntu1~18.04' --with-bugurl=file:///usr/share/doc/gcc-7/README.Bugs --enable-languages=c,ada,c++,go,brig,d,fortran,objc,obj-c++ --prefix=/usr --with-gcc-major-version-only --program-suffix=-7 --program-prefix=x86_64-linux-gnu- --enable-shared --enable-linker-build-id --libexecdir=/usr/lib --without-included-gettext --enable-threads=posix --libdir=/usr/lib --enable-nls --with-sysroot=/ --enable-clocale=gnu --enable-libstdcxx-debug --enable-libstdcxx-time=yes --with-default-libstdcxx-abi=new --enable-gnu-unique-object --disable-vtable-verify --enable-libmpx --enable-plugin --enable-default-pie --with-system-zlib --with-target-system-zlib --enable-objc-gc=auto --enable-multiarch --disable-werror --with-arch-32=i686 --with-abi=m64 --with-multilib-list=m32,m64,mx32 --enable-multilib --with-tune=generic --enable-offload-targets=nvptx-none --without-cuda-driver --enable-checking=release --build=x86_64-linux-gnu --host=x86_64-linux-gnu --target=x86_64-linux-gnu]
  ignore line: [Thread model: posix]
  ignore line: [gcc version 7.3.0 (Ubuntu 7.3.0-27ubuntu1~18.04) ]
  ignore line: [COMPILER_PATH=/usr/lib/gcc/x86_64-linux-gnu/7/:/usr/lib/gcc/x86_64-linux-gnu/7/:/usr/lib/gcc/x86_64-linux-gnu/:/usr/lib/gcc/x86_64-linux-gnu/7/:/usr/lib/gcc/x86_64-linux-gnu/]
  ignore line: [LIBRARY_PATH=/usr/lib/gcc/x86_64-linux-gnu/7/:/usr/lib/gcc/x86_64-linux-gnu/7/../../../x86_64-linux-gnu/:/usr/lib/gcc/x86_64-linux-gnu/7/../../../../lib/:/lib/x86_64-linux-gnu/:/lib/../lib/:/usr/lib/x86_64-linux-gnu/:/usr/lib/../lib/:/usr/lib/gcc/x86_64-linux-gnu/7/../../../:/lib/:/usr/lib/]
  ignore line: [COLLECT_GCC_OPTIONS='-v' '-rdynamic' '-o' 'cmTC_1f2bc' '-shared-libgcc' '-mtune=generic' '-march=x86-64']
  link line: [ /usr/lib/gcc/x86_64-linux-gnu/7/collect2 -plugin /usr/lib/gcc/x86_64-linux-gnu/7/liblto_plugin.so -plugin-opt=/usr/lib/gcc/x86_64-linux-gnu/7/lto-wrapper -plugin-opt=-fresolution=/tmp/ccuYEpbn.res -plugin-opt=-pass-through=-lgcc_s -plugin-opt=-pass-through=-lgcc -plugin-opt=-pass-through=-lc -plugin-opt=-pass-through=-lgcc_s -plugin-opt=-pass-through=-lgcc --sysroot=/ --build-id --eh-frame-hdr -m elf_x86_64 --hash-style=gnu --as-needed -export-dynamic -dynamic-linker /lib64/ld-linux-x86-64.so.2 -pie -z now -z relro -o cmTC_1f2bc /usr/lib/gcc/x86_64-linux-gnu/7/../../../x86_64-linux-gnu/Scrt1.o /usr/lib/gcc/x86_64-linux-gnu/7/../../../x86_64-linux-gnu/crti.o /usr/lib/gcc/x86_64-linux-gnu/7/crtbeginS.o -L/usr/lib/gcc/x86_64-linux-gnu/7 -L/usr/lib/gcc/x86_64-linux-gnu/7/../../../x86_64-linux-gnu -L/usr/lib/gcc/x86_64-linux-gnu/7/../../../../lib -L/lib/x86_64-linux-gnu -L/lib/../lib -L/usr/lib/x86_64-linux-gnu -L/usr/lib/../lib -L/usr/lib/gcc/x86_64-linux-gnu/7/../../.. CMakeFiles/cmTC_1f2bc.dir/CMakeCXXCompilerABI.cpp.o -lstdc++ -lm -lgcc_s -lgcc -lc -lgcc_s -lgcc /usr/lib/gcc/x86_64-linux-gnu/7/crtendS.o /usr/lib/gcc/x86_64-linux-gnu/7/../../../x86_64-linux-gnu/crtn.o]
    arg [/usr/lib/gcc/x86_64-linux-gnu/7/collect2] ==> ignore
    arg [-plugin] ==> ignore
    arg [/usr/lib/gcc/x86_64-linux-gnu/7/liblto_plugin.so] ==> ignore
    arg [-plugin-opt=/usr/lib/gcc/x86_64-linux-gnu/7/lto-wrapper] ==> ignore
    arg [-plugin-opt=-fresolution=/tmp/ccuYEpbn.res] ==> ignore
    arg [-plugin-opt=-pass-through=-lgcc_s] ==> ignore
    arg [-plugin-opt=-pass-through=-lgcc] ==> ignore
    arg [-plugin-opt=-pass-through=-lc] ==> ignore
    arg [-plugin-opt=-pass-through=-lgcc_s] ==> ignore
    arg [-plugin-opt=-pass-through=-lgcc] ==> ignore
    arg [--sysroot=/] ==> ignore
    arg [--build-id] ==> ignore
    arg [--eh-frame-hdr] ==> ignore
    arg [-m] ==> ignore
    arg [elf_x86_64] ==> ignore
    arg [--hash-style=gnu] ==> ignore
    arg [--as-needed] ==> ignore
    arg [-export-dynamic] ==> ignore
    arg [-dynamic-linker] ==> ignore
    arg [/lib64/ld-linux-x86-64.so.2] ==> ignore
    arg [-pie] ==> ignore
    arg [-znow] ==> ignore
    arg [-zrelro] ==> ignore
    arg [-o] ==> ignore
    arg [cmTC_1f2bc] ==> ignore
    arg [/usr/lib/gcc/x86_64-linux-gnu/7/../../../x86_64-linux-gnu/Scrt1.o] ==> ignore
    arg [/usr/lib/gcc/x86_64-linux-gnu/7/../../../x86_64-linux-gnu/crti.o] ==> ignore
    arg [/usr/lib/gcc/x86_64-linux-gnu/7/crtbeginS.o] ==> ignore
    arg [-L/usr/lib/gcc/x86_64-linux-gnu/7] ==> dir [/usr/lib/gcc/x86_64-linux-gnu/7]
    arg [-L/usr/lib/gcc/x86_64-linux-gnu/7/../../../x86_64-linux-gnu] ==> dir [/usr/lib/gcc/x86_64-linux-gnu/7/../../../x86_64-linux-gnu]
    arg [-L/usr/lib/gcc/x86_64-linux-gnu/7/../../../../lib] ==> dir [/usr/lib/gcc/x86_64-linux-gnu/7/../../../../lib]
    arg [-L/lib/x86_64-linux-gnu] ==> dir [/lib/x86_64-linux-gnu]
    arg [-L/lib/../lib] ==> dir [/lib/../lib]
    arg [-L/usr/lib/x86_64-linux-gnu] ==> dir [/usr/lib/x86_64-linux-gnu]
    arg [-L/usr/lib/../lib] ==> dir [/usr/lib/../lib]
    arg [-L/usr/lib/gcc/x86_64-linux-gnu/7/../../..] ==> dir [/usr/lib/gcc/x86_64-linux-gnu/7/../../..]
    arg [CMakeFiles/cmTC_1f2bc.dir/CMakeCXXCompilerABI.cpp.o] ==> ignore
    arg [-lstdc++] ==> lib [stdc++]
    arg [-lm] ==> lib [m]
    arg [-lgcc_s] ==> lib [gcc_s]
    arg [-lgcc] ==> lib [gcc]
    arg [-lc] ==> lib [c]
    arg [-lgcc_s] ==> lib [gcc_s]
    arg [-lgcc] ==> lib [gcc]
    arg [/usr/lib/gcc/x86_64-linux-gnu/7/crtendS.o] ==> ignore
    arg [/usr/lib/gcc/x86_64-linux-gnu/7/../../../x86_64-linux-gnu/crtn.o] ==> ignore
  collapse library dir [/usr/lib/gcc/x86_64-linux-gnu/7] ==> [/usr/lib/gcc/x86_64-linux-gnu/7]
  collapse library dir [/usr/lib/gcc/x86_64-linux-gnu/7/../../../x86_64-linux-gnu] ==> [/usr/lib/x86_64-linux-gnu]
  collapse library dir [/usr/lib/gcc/x86_64-linux-gnu/7/../../../../lib] ==> [/usr/lib]
  collapse library dir [/lib/x86_64-linux-gnu] ==> [/lib/x86_64-linux-gnu]
  collapse library dir [/lib/../lib] ==> [/lib]
  collapse library dir [/usr/lib/x86_64-linux-gnu] ==> [/usr/lib/x86_64-linux-gnu]
  collapse library dir [/usr/lib/../lib] ==> [/usr/lib]
  collapse library dir [/usr/lib/gcc/x86_64-linux-gnu/7/../../..] ==> [/usr/lib]
  implicit libs: [stdc++;m;gcc_s;gcc;c;gcc_s;gcc]
  implicit dirs: [/usr/lib/gcc/x86_64-linux-gnu/7;/usr/lib/x86_64-linux-gnu;/usr/lib;/lib/x86_64-linux-gnu;/lib]
  implicit fwks: []




Detecting CXX [-std=c++1z] compiler features compiled with the following output:
Change Dir: /home/fernando/Documentos/BE3AV/programas/build/CMakeFiles/CMakeTmp

Run Build Command:"/usr/bin/make" "cmTC_05403/fast"
/usr/bin/make -f CMakeFiles/cmTC_05403.dir/build.make CMakeFiles/cmTC_05403.dir/build
make[1]: Entering directory '/home/fernando/Documentos/BE3AV/programas/build/CMakeFiles/CMakeTmp'
Building CXX object CMakeFiles/cmTC_05403.dir/feature_tests.cxx.o
/usr/bin/c++    -std=c++1z -o CMakeFiles/cmTC_05403.dir/feature_tests.cxx.o -c /home/fernando/Documentos/BE3AV/programas/build/CMakeFiles/feature_tests.cxx
Linking CXX executable cmTC_05403
/usr/bin/cmake -E cmake_link_script CMakeFiles/cmTC_05403.dir/link.txt --verbose=1
/usr/bin/c++       -rdynamic CMakeFiles/cmTC_05403.dir/feature_tests.cxx.o  -o cmTC_05403 
make[1]: Leaving directory '/home/fernando/Documentos/BE3AV/programas/build/CMakeFiles/CMakeTmp'


    Feature record: CXX_FEATURE:1cxx_aggregate_default_initializers
    Feature record: CXX_FEATURE:1cxx_alias_templates
    Feature record: CXX_FEATURE:1cxx_alignas
    Feature record: CXX_FEATURE:1cxx_alignof
    Feature record: CXX_FEATURE:1cxx_attributes
    Feature record: CXX_FEATURE:1cxx_attribute_deprecated
    Feature record: CXX_FEATURE:1cxx_auto_type
    Feature record: CXX_FEATURE:1cxx_binary_literals
    Feature record: CXX_FEATURE:1cxx_constexpr
    Feature record: CXX_FEATURE:1cxx_contextual_conversions
    Feature record: CXX_FEATURE:1cxx_decltype
    Feature record: CXX_FEATURE:1cxx_decltype_auto
    Feature record: CXX_FEATURE:1cxx_decltype_incomplete_return_types
    Feature record: CXX_FEATURE:1cxx_default_function_template_args
    Feature record: CXX_FEATURE:1cxx_defaulted_functions
    Feature record: CXX_FEATURE:1cxx_defaulted_move_initializers
    Feature record: CXX_FEATURE:1cxx_delegating_constructors
    Feature record: CXX_FEATURE:1cxx_deleted_functions
    Feature record: CXX_FEATURE:1cxx_digit_separators
    Feature record: CXX_FEATURE:1cxx_enum_forward_declarations
    Feature record: CXX_FEATURE:1cxx_explicit_conversions
    Feature record: CXX_FEATURE:1cxx_extended_friend_declarations
    Feature record: CXX_FEATURE:1cxx_extern_templates
    Feature record: CXX_FEATURE:1cxx_final
    Feature record: CXX_FEATURE:1cxx_func_identifier
    Feature record: CXX_FEATURE:1cxx_generalized_initializers
    Feature record: CXX_FEATURE:1cxx_generic_lambdas
    Feature record: CXX_FEATURE:1cxx_inheriting_constructors
    Feature record: CXX_FEATURE:1cxx_inline_namespaces
    Feature record: CXX_FEATURE:1cxx_lambdas
    Feature record: CXX_FEATURE:1cxx_lambda_init_captures
    Feature record: CXX_FEATURE:1cxx_local_type_template_args
    Feature record: CXX_FEATURE:1cxx_long_long_type
    Feature record: CXX_FEATURE:1cxx_noexcept
    Feature record: CXX_FEATURE:1cxx_nonstatic_member_init
    Feature record: CXX_FEATURE:1cxx_nullptr
    Feature record: CXX_FEATURE:1cxx_override
    Feature record: CXX_FEATURE:1cxx_range_for
    Feature record: CXX_FEATURE:1cxx_raw_string_literals
    Feature record: CXX_FEATURE:1cxx_reference_qualified_functions
    Feature record: CXX_FEATURE:1cxx_relaxed_constexpr
    Feature record: CXX_FEATURE:1cxx_return_type_deduction
    Feature record: CXX_FEATURE:1cxx_right_angle_brackets
    Feature record: CXX_FEATURE:1cxx_rvalue_references
    Feature record: CXX_FEATURE:1cxx_sizeof_member
    Feature record: CXX_FEATURE:1cxx_static_assert
    Feature record: CXX_FEATURE:1cxx_strong_enums
    Feature record: CXX_FEATURE:1cxx_template_template_parameters
    Feature record: CXX_FEATURE:1cxx_thread_local
    Feature record: CXX_FEATURE:1cxx_trailing_return_types
    Feature record: CXX_FEATURE:1cxx_unicode_literals
    Feature record: CXX_FEATURE:1cxx_uniform_initialization
    Feature record: CXX_FEATURE:1cxx_unrestricted_unions
    Feature record: CXX_FEATURE:1cxx_user_literals
    Feature record: CXX_FEATURE:1cxx_variable_templates
    Feature record: CXX_FEATURE:1cxx_variadic_macros
    Feature record: CXX_FEATURE:1cxx_variadic_templates


Detecting CXX [-std=c++14] compiler features compiled with the following output:
Change Dir: /home/fernando/Documentos/BE3AV/programas/build/CMakeFiles/CMakeTmp

Run Build Command:"/usr/bin/make" "cmTC_c106a/fast"
/usr/bin/make -f CMakeFiles/cmTC_c106a.dir/build.make CMakeFiles/cmTC_c106a.dir/build
make[1]: Entering directory '/home/fernando/Documentos/BE3AV/programas/build/CMakeFiles/CMakeTmp'
Building CXX object CMakeFiles/cmTC_c106a.dir/feature_tests.cxx.o
/usr/bin/c++    -std=c++14 -o CMakeFiles/cmTC_c106a.dir/feature_tests.cxx.o -c /home/fernando/Documentos/BE3AV/programas/build/CMakeFiles/feature_tests.cxx
Linking CXX executable cmTC_c106a
/usr/bin/cmake -E cmake_link_script CMakeFiles/cmTC_c106a.dir/link.txt --verbose=1
/usr/bin/c++       -rdynamic CMakeFiles/cmTC_c106a.dir/feature_tests.cxx.o  -o cmTC_c106a 
make[1]: Leaving directory '/home/fernando/Documentos/BE3AV/programas/build/CMakeFiles/CMakeTmp'


    Feature record: CXX_FEATURE:1cxx_aggregate_default_initializers
    Feature record: CXX_FEATURE:1cxx_alias_templates
    Feature record: CXX_FEATURE:1cxx_alignas
    Feature record: CXX_FEATURE:1cxx_alignof
    Feature record: CXX_FEATURE:1cxx_attributes
    Feature record: CXX_FEATURE:1cxx_attribute_deprecated
    Feature record: CXX_FEATURE:1cxx_auto_type
    Feature record: CXX_FEATURE:1cxx_binary_literals
    Feature record: CXX_FEATURE:1cxx_constexpr
    Feature record: CXX_FEATURE:1cxx_contextual_conversions
    Feature record: CXX_FEATURE:1cxx_decltype
    Feature record: CXX_FEATURE:1cxx_decltype_auto
    Feature record: CXX_FEATURE:1cxx_decltype_incomplete_return_types
    Feature record: CXX_FEATURE:1cxx_default_function_template_args
    Feature record: CXX_FEATURE:1cxx_defaulted_functions
    Feature record: CXX_FEATURE:1cxx_defaulted_move_initializers
    Feature record: CXX_FEATURE:1cxx_delegating_constructors
    Feature record: CXX_FEATURE:1cxx_deleted_functions
    Feature record: CXX_FEATURE:1cxx_digit_separators
    Feature record: CXX_FEATURE:1cxx_enum_forward_declarations
    Feature record: CXX_FEATURE:1cxx_explicit_conversions
    Feature record: CXX_FEATURE:1cxx_extended_friend_declarations
    Feature record: CXX_FEATURE:1cxx_extern_templates
    Feature record: CXX_FEATURE:1cxx_final
    Feature record: CXX_FEATURE:1cxx_func_identifier
    Feature record: CXX_FEATURE:1cxx_generalized_initializers
    Feature record: CXX_FEATURE:1cxx_generic_lambdas
    Feature record: CXX_FEATURE:1cxx_inheriting_constructors
    Feature record: CXX_FEATURE:1cxx_inline_namespaces
    Feature record: CXX_FEATURE:1cxx_lambdas
    Feature record: CXX_FEATURE:1cxx_lambda_init_captures
    Feature record: CXX_FEATURE:1cxx_local_type_template_args
    Feature record: CXX_FEATURE:1cxx_long_long_type
    Feature record: CXX_FEATURE:1cxx_noexcept
    Feature record: CXX_FEATURE:1cxx_nonstatic_member_init
    Feature record: CXX_FEATURE:1cxx_nullptr
    Feature record: CXX_FEATURE:1cxx_override
    Feature record: CXX_FEATURE:1cxx_range_for
    Feature record: CXX_FEATURE:1cxx_raw_string_literals
    Feature record: CXX_FEATURE:1cxx_reference_qualified_functions
    Feature record: CXX_FEATURE:1cxx_relaxed_constexpr
    Feature record: CXX_FEATURE:1cxx_return_type_deduction
    Feature record: CXX_FEATURE:1cxx_right_angle_brackets
    Feature record: CXX_FEATURE:1cxx_rvalue_references
    Feature record: CXX_FEATURE:1cxx_sizeof_member
    Feature record: CXX_FEATURE:1cxx_static_assert
    Feature record: CXX_FEATURE:1cxx_strong_enums
    Feature record: CXX_FEATURE:1cxx_template_template_parameters
    Feature record: CXX_FEATURE:1cxx_thread_local
    Feature record: CXX_FEATURE:1cxx_trailing_return_types
    Feature record: CXX_FEATURE:1cxx_unicode_literals
    Feature record: CXX_FEATURE:1cxx_uniform_initialization
    Feature record: CXX_FEATURE:1cxx_unrestricted_unions
    Feature record: CXX_FEATURE:1cxx_user_literals
    Feature record: CXX_FEATURE:1cxx_variable_templates
    Feature record: CXX_FEATURE:1cxx_variadic_macros
    Feature record: CXX_FEATURE:1cxx_variadic_templates


Detecting CXX [-std=c++11] compiler features compiled with the following output:
Change Dir: /home/fernando/Documentos/BE3AV/programas/build/CMakeFiles/CMakeTmp

Run Build Command:"/usr/bin/make" "cmTC_f99f9/fast"
/usr/bin/make -f CMakeFiles/cmTC_f99f9.dir/build.make CMakeFiles/cmTC_f99f9.dir/build
make[1]: Entering directory '/home/fernando/Documentos/BE3AV/programas/build/CMakeFiles/CMakeTmp'
Building CXX object CMakeFiles/cmTC_f99f9.dir/feature_tests.cxx.o
/usr/bin/c++    -std=c++11 -o CMakeFiles/cmTC_f99f9.dir/feature_tests.cxx.o -c /home/fernando/Documentos/BE3AV/programas/build/CMakeFiles/feature_tests.cxx
Linking CXX executable cmTC_f99f9
/usr/bin/cmake -E cmake_link_script CMakeFiles/cmTC_f99f9.dir/link.txt --verbose=1
/usr/bin/c++       -rdynamic CMakeFiles/cmTC_f99f9.dir/feature_tests.cxx.o  -o cmTC_f99f9 
make[1]: Leaving directory '/home/fernando/Documentos/BE3AV/programas/build/CMakeFiles/CMakeTmp'


    Feature record: CXX_FEATURE:0cxx_aggregate_default_initializers
    Feature record: CXX_FEATURE:1cxx_alias_templates
    Feature record: CXX_FEATURE:1cxx_alignas
    Feature record: CXX_FEATURE:1cxx_alignof
    Feature record: CXX_FEATURE:1cxx_attributes
    Feature record: CXX_FEATURE:0cxx_attribute_deprecated
    Feature record: CXX_FEATURE:1cxx_auto_type
    Feature record: CXX_FEATURE:0cxx_binary_literals
    Feature record: CXX_FEATURE:1cxx_constexpr
    Feature record: CXX_FEATURE:0cxx_contextual_conversions
    Feature record: CXX_FEATURE:1cxx_decltype
    Feature record: CXX_FEATURE:0cxx_decltype_auto
    Feature record: CXX_FEATURE:1cxx_decltype_incomplete_return_types
    Feature record: CXX_FEATURE:1cxx_default_function_template_args
    Feature record: CXX_FEATURE:1cxx_defaulted_functions
    Feature record: CXX_FEATURE:1cxx_defaulted_move_initializers
    Feature record: CXX_FEATURE:1cxx_delegating_constructors
    Feature record: CXX_FEATURE:1cxx_deleted_functions
    Feature record: CXX_FEATURE:0cxx_digit_separators
    Feature record: CXX_FEATURE:1cxx_enum_forward_declarations
    Feature record: CXX_FEATURE:1cxx_explicit_conversions
    Feature record: CXX_FEATURE:1cxx_extended_friend_declarations
    Feature record: CXX_FEATURE:1cxx_extern_templates
    Feature record: CXX_FEATURE:1cxx_final
    Feature record: CXX_FEATURE:1cxx_func_identifier
    Feature record: CXX_FEATURE:1cxx_generalized_initializers
    Feature record: CXX_FEATURE:0cxx_generic_lambdas
    Feature record: CXX_FEATURE:1cxx_inheriting_constructors
    Feature record: CXX_FEATURE:1cxx_inline_namespaces
    Feature record: CXX_FEATURE:1cxx_lambdas
    Feature record: CXX_FEATURE:0cxx_lambda_init_captures
    Feature record: CXX_FEATURE:1cxx_local_type_template_args
    Feature record: CXX_FEATURE:1cxx_long_long_type
    Feature record: CXX_FEATURE:1cxx_noexcept
    Feature record: CXX_FEATURE:1cxx_nonstatic_member_init
    Feature record: CXX_FEATURE:1cxx_nullptr
    Feature record: CXX_FEATURE:1cxx_override
    Feature record: CXX_FEATURE:1cxx_range_for
    Feature record: CXX_FEATURE:1cxx_raw_string_literals
    Feature record: CXX_FEATURE:1cxx_reference_qualified_functions
    Feature record: CXX_FEATURE:0cxx_relaxed_constexpr
    Feature record: CXX_FEATURE:0cxx_return_type_deduction
    Feature record: CXX_FEATURE:1cxx_right_angle_brackets
    Feature record: CXX_FEATURE:1cxx_rvalue_references
    Feature record: CXX_FEATURE:1cxx_sizeof_member
    Feature record: CXX_FEATURE:1cxx_static_assert
    Feature record: CXX_FEATURE:1cxx_strong_enums
    Feature record: CXX_FEATURE:1cxx_template_template_parameters
    Feature record: CXX_FEATURE:1cxx_thread_local
    Feature record: CXX_FEATURE:1cxx_trailing_return_types
    Feature record: CXX_FEATURE:1cxx_unicode_literals
    Feature record: CXX_FEATURE:1cxx_uniform_initialization
    Feature record: CXX_FEATURE:1cxx_unrestricted_unions
    Feature record: CXX_FEATURE:1cxx_user_literals
    Feature record: CXX_FEATURE:0cxx_variable_templates
    Feature record: CXX_FEATURE:1cxx_variadic_macros
    Feature record: CXX_FEATURE:1cxx_variadic_templates


Detecting CXX [-std=c++98] compiler features compiled with the following output:
Change Dir: /home/fernando/Documentos/BE3AV/programas/build/CMakeFiles/CMakeTmp

Run Build Command:"/usr/bin/make" "cmTC_6e05f/fast"
/usr/bin/make -f CMakeFiles/cmTC_6e05f.dir/build.make CMakeFiles/cmTC_6e05f.dir/build
make[1]: Entering directory '/home/fernando/Documentos/BE3AV/programas/build/CMakeFiles/CMakeTmp'
Building CXX object CMakeFiles/cmTC_6e05f.dir/feature_tests.cxx.o
/usr/bin/c++    -std=c++98 -o CMakeFiles/cmTC_6e05f.dir/feature_tests.cxx.o -c /home/fernando/Documentos/BE3AV/programas/build/CMakeFiles/feature_tests.cxx
Linking CXX executable cmTC_6e05f
/usr/bin/cmake -E cmake_link_script CMakeFiles/cmTC_6e05f.dir/link.txt --verbose=1
/usr/bin/c++       -rdynamic CMakeFiles/cmTC_6e05f.dir/feature_tests.cxx.o  -o cmTC_6e05f 
make[1]: Leaving directory '/home/fernando/Documentos/BE3AV/programas/build/CMakeFiles/CMakeTmp'


    Feature record: CXX_FEATURE:0cxx_aggregate_default_initializers
    Feature record: CXX_FEATURE:0cxx_alias_templates
    Feature record: CXX_FEATURE:0cxx_alignas
    Feature record: CXX_FEATURE:0cxx_alignof
    Feature record: CXX_FEATURE:0cxx_attributes
    Feature record: CXX_FEATURE:0cxx_attribute_deprecated
    Feature record: CXX_FEATURE:0cxx_auto_type
    Feature record: CXX_FEATURE:0cxx_binary_literals
    Feature record: CXX_FEATURE:0cxx_constexpr
    Feature record: CXX_FEATURE:0cxx_contextual_conversions
    Feature record: CXX_FEATURE:0cxx_decltype
    Feature record: CXX_FEATURE:0cxx_decltype_auto
    Feature record: CXX_FEATURE:0cxx_decltype_incomplete_return_types
    Feature record: CXX_FEATURE:0cxx_default_function_template_args
    Feature record: CXX_FEATURE:0cxx_defaulted_functions
    Feature record: CXX_FEATURE:0cxx_defaulted_move_initializers
    Feature record: CXX_FEATURE:0cxx_delegating_constructors
    Feature record: CXX_FEATURE:0cxx_deleted_functions
    Feature record: CXX_FEATURE:0cxx_digit_separators
    Feature record: CXX_FEATURE:0cxx_enum_forward_declarations
    Feature record: CXX_FEATURE:0cxx_explicit_conversions
    Feature record: CXX_FEATURE:0cxx_extended_friend_declarations
    Feature record: CXX_FEATURE:0cxx_extern_templates
    Feature record: CXX_FEATURE:0cxx_final
    Feature record: CXX_FEATURE:0cxx_func_identifier
    Feature record: CXX_FEATURE:0cxx_generalized_initializers
    Feature record: CXX_FEATURE:0cxx_generic_lambdas
    Feature record: CXX_FEATURE:0cxx_inheriting_constructors
    Feature record: CXX_FEATURE:0cxx_inline_namespaces
    Feature record: CXX_FEATURE:0cxx_lambdas
    Feature record: CXX_FEATURE:0cxx_lambda_init_captures
    Feature record: CXX_FEATURE:0cxx_local_type_template_args
    Feature record: CXX_FEATURE:0cxx_long_long_type
    Feature record: CXX_FEATURE:0cxx_noexcept
    Feature record: CXX_FEATURE:0cxx_nonstatic_member_init
    Feature record: CXX_FEATURE:0cxx_nullptr
    Feature record: CXX_FEATURE:0cxx_override
    Feature record: CXX_FEATURE:0cxx_range_for
    Feature record: CXX_FEATURE:0cxx_raw_string_literals
    Feature record: CXX_FEATURE:0cxx_reference_qualified_functions
    Feature record: CXX_FEATURE:0cxx_relaxed_constexpr
    Feature record: CXX_FEATURE:0cxx_return_type_deduction
    Feature record: CXX_FEATURE:0cxx_right_angle_brackets
    Feature record: CXX_FEATURE:0cxx_rvalue_references
    Feature record: CXX_FEATURE:0cxx_sizeof_member
    Feature record: CXX_FEATURE:0cxx_static_assert
    Feature record: CXX_FEATURE:0cxx_strong_enums
    Feature record: CXX_FEATURE:1cxx_template_template_parameters
    Feature record: CXX_FEATURE:0cxx_thread_local
    Feature record: CXX_FEATURE:0cxx_trailing_return_types
    Feature record: CXX_FEATURE:0cxx_unicode_literals
    Feature record: CXX_FEATURE:0cxx_uniform_initialization
    Feature record: CXX_FEATURE:0cxx_unrestricted_unions
    Feature record: CXX_FEATURE:0cxx_user_literals
    Feature record: CXX_FEATURE:0cxx_variable_templates
    Feature record: CXX_FEATURE:0cxx_variadic_macros
    Feature record: CXX_FEATURE:0cxx_variadic_templates
Determining if the include file sys/time.h exists passed with the following output:
Change Dir: /home/fernando/Documentos/BE3AV/programas/build/CMakeFiles/CMakeTmp

Run Build Command:"/usr/bin/make" "cmTC_dd59e/fast"
/usr/bin/make -f CMakeFiles/cmTC_dd59e.dir/build.make CMakeFiles/cmTC_dd59e.dir/build
make[1]: Entering directory '/home/fernando/Documentos/BE3AV/programas/build/CMakeFiles/CMakeTmp'
Building C object CMakeFiles/cmTC_dd59e.dir/CheckIncludeFile.c.o
/usr/bin/cc    -o CMakeFiles/cmTC_dd59e.dir/CheckIncludeFile.c.o   -c /home/fernando/Documentos/BE3AV/programas/build/CMakeFiles/CMakeTmp/CheckIncludeFile.c
Linking C executable cmTC_dd59e
/usr/bin/cmake -E cmake_link_script CMakeFiles/cmTC_dd59e.dir/link.txt --verbose=1
/usr/bin/cc      -rdynamic CMakeFiles/cmTC_dd59e.dir/CheckIncludeFile.c.o  -o cmTC_dd59e 
make[1]: Leaving directory '/home/fernando/Documentos/BE3AV/programas/build/CMakeFiles/CMakeTmp'


Determining if the include file time.h exists passed with the following output:
Change Dir: /home/fernando/Documentos/BE3AV/programas/build/CMakeFiles/CMakeTmp

Run Build Command:"/usr/bin/make" "cmTC_55051/fast"
/usr/bin/make -f CMakeFiles/cmTC_55051.dir/build.make CMakeFiles/cmTC_55051.dir/build
make[1]: Entering directory '/home/fernando/Documentos/BE3AV/programas/build/CMakeFiles/CMakeTmp'
Building C object CMakeFiles/cmTC_55051.dir/CheckIncludeFile.c.o
/usr/bin/cc    -o CMakeFiles/cmTC_55051.dir/CheckIncludeFile.c.o   -c /home/fernando/Documentos/BE3AV/programas/build/CMakeFiles/CMakeTmp/CheckIncludeFile.c
Linking C executable cmTC_55051
/usr/bin/cmake -E cmake_link_script CMakeFiles/cmTC_55051.dir/link.txt --verbose=1
/usr/bin/cc      -rdynamic CMakeFiles/cmTC_55051.dir/CheckIncludeFile.c.o  -o cmTC_55051 
make[1]: Leaving directory '/home/fernando/Documentos/BE3AV/programas/build/CMakeFiles/CMakeTmp'


Determining if the include file strings.h exists passed with the following output:
Change Dir: /home/fernando/Documentos/BE3AV/programas/build/CMakeFiles/CMakeTmp

Run Build Command:"/usr/bin/make" "cmTC_3cb52/fast"
/usr/bin/make -f CMakeFiles/cmTC_3cb52.dir/build.make CMakeFiles/cmTC_3cb52.dir/build
make[1]: Entering directory '/home/fernando/Documentos/BE3AV/programas/build/CMakeFiles/CMakeTmp'
Building C object CMakeFiles/cmTC_3cb52.dir/CheckIncludeFile.c.o
/usr/bin/cc    -o CMakeFiles/cmTC_3cb52.dir/CheckIncludeFile.c.o   -c /home/fernando/Documentos/BE3AV/programas/build/CMakeFiles/CMakeTmp/CheckIncludeFile.c
Linking C executable cmTC_3cb52
/usr/bin/cmake -E cmake_link_script CMakeFiles/cmTC_3cb52.dir/link.txt --verbose=1
/usr/bin/cc      -rdynamic CMakeFiles/cmTC_3cb52.dir/CheckIncludeFile.c.o  -o cmTC_3cb52 
make[1]: Leaving directory '/home/fernando/Documentos/BE3AV/programas/build/CMakeFiles/CMakeTmp'


Determining if the include file rpc/xdr.h exists passed with the following output:
Change Dir: /home/fernando/Documentos/BE3AV/programas/build/CMakeFiles/CMakeTmp

Run Build Command:"/usr/bin/make" "cmTC_fc4f6/fast"
/usr/bin/make -f CMakeFiles/cmTC_fc4f6.dir/build.make CMakeFiles/cmTC_fc4f6.dir/build
make[1]: Entering directory '/home/fernando/Documentos/BE3AV/programas/build/CMakeFiles/CMakeTmp'
Building C object CMakeFiles/cmTC_fc4f6.dir/CheckIncludeFile.c.o
/usr/bin/cc    -o CMakeFiles/cmTC_fc4f6.dir/CheckIncludeFile.c.o   -c /home/fernando/Documentos/BE3AV/programas/build/CMakeFiles/CMakeTmp/CheckIncludeFile.c
Linking C executable cmTC_fc4f6
/usr/bin/cmake -E cmake_link_script CMakeFiles/cmTC_fc4f6.dir/link.txt --verbose=1
/usr/bin/cc      -rdynamic CMakeFiles/cmTC_fc4f6.dir/CheckIncludeFile.c.o  -o cmTC_fc4f6 
make[1]: Leaving directory '/home/fernando/Documentos/BE3AV/programas/build/CMakeFiles/CMakeTmp'


Determining if the include file regex.h exists passed with the following output:
Change Dir: /home/fernando/Documentos/BE3AV/programas/build/CMakeFiles/CMakeTmp

Run Build Command:"/usr/bin/make" "cmTC_3c8e2/fast"
/usr/bin/make -f CMakeFiles/cmTC_3c8e2.dir/build.make CMakeFiles/cmTC_3c8e2.dir/build
make[1]: Entering directory '/home/fernando/Documentos/BE3AV/programas/build/CMakeFiles/CMakeTmp'
Building C object CMakeFiles/cmTC_3c8e2.dir/CheckIncludeFile.c.o
/usr/bin/cc    -o CMakeFiles/cmTC_3c8e2.dir/CheckIncludeFile.c.o   -c /home/fernando/Documentos/BE3AV/programas/build/CMakeFiles/CMakeTmp/CheckIncludeFile.c
Linking C executable cmTC_3c8e2
/usr/bin/cmake -E cmake_link_script CMakeFiles/cmTC_3c8e2.dir/link.txt --verbose=1
/usr/bin/cc      -rdynamic CMakeFiles/cmTC_3c8e2.dir/CheckIncludeFile.c.o  -o cmTC_3c8e2 
make[1]: Leaving directory '/home/fernando/Documentos/BE3AV/programas/build/CMakeFiles/CMakeTmp'


Determining if the include file sstream exists passed with the following output:
Change Dir: /home/fernando/Documentos/BE3AV/programas/build/CMakeFiles/CMakeTmp

Run Build Command:"/usr/bin/make" "cmTC_50cda/fast"
/usr/bin/make -f CMakeFiles/cmTC_50cda.dir/build.make CMakeFiles/cmTC_50cda.dir/build
make[1]: Entering directory '/home/fernando/Documentos/BE3AV/programas/build/CMakeFiles/CMakeTmp'
Building CXX object CMakeFiles/cmTC_50cda.dir/CheckIncludeFile.cxx.o
/usr/bin/c++     -o CMakeFiles/cmTC_50cda.dir/CheckIncludeFile.cxx.o -c /home/fernando/Documentos/BE3AV/programas/build/CMakeFiles/CMakeTmp/CheckIncludeFile.cxx
Linking CXX executable cmTC_50cda
/usr/bin/cmake -E cmake_link_script CMakeFiles/cmTC_50cda.dir/link.txt --verbose=1
/usr/bin/c++       -rdynamic CMakeFiles/cmTC_50cda.dir/CheckIncludeFile.cxx.o  -o cmTC_50cda 
make[1]: Leaving directory '/home/fernando/Documentos/BE3AV/programas/build/CMakeFiles/CMakeTmp'


Determining if the snprintf exist passed with the following output:
Change Dir: /home/fernando/Documentos/BE3AV/programas/build/CMakeFiles/CMakeTmp

Run Build Command:"/usr/bin/make" "cmTC_31325/fast"
/usr/bin/make -f CMakeFiles/cmTC_31325.dir/build.make CMakeFiles/cmTC_31325.dir/build
make[1]: Entering directory '/home/fernando/Documentos/BE3AV/programas/build/CMakeFiles/CMakeTmp'
Building C object CMakeFiles/cmTC_31325.dir/CheckSymbolExists.c.o
/usr/bin/cc    -o CMakeFiles/cmTC_31325.dir/CheckSymbolExists.c.o   -c /home/fernando/Documentos/BE3AV/programas/build/CMakeFiles/CMakeTmp/CheckSymbolExists.c
Linking C executable cmTC_31325
/usr/bin/cmake -E cmake_link_script CMakeFiles/cmTC_31325.dir/link.txt --verbose=1
/usr/bin/cc      -rdynamic CMakeFiles/cmTC_31325.dir/CheckSymbolExists.c.o  -o cmTC_31325 
make[1]: Leaving directory '/home/fernando/Documentos/BE3AV/programas/build/CMakeFiles/CMakeTmp'

File /home/fernando/Documentos/BE3AV/programas/build/CMakeFiles/CMakeTmp/CheckSymbolExists.c:
/* */
#include <stdio.h>

int main(int argc, char** argv)
{
  (void)argv;
#ifndef snprintf
  return ((int*)(&snprintf))[argc];
#else
  (void)argc;
  return 0;
#endif
}

Determining if the strcasecmp exist passed with the following output:
Change Dir: /home/fernando/Documentos/BE3AV/programas/build/CMakeFiles/CMakeTmp

Run Build Command:"/usr/bin/make" "cmTC_8bf47/fast"
/usr/bin/make -f CMakeFiles/cmTC_8bf47.dir/build.make CMakeFiles/cmTC_8bf47.dir/build
make[1]: Entering directory '/home/fernando/Documentos/BE3AV/programas/build/CMakeFiles/CMakeTmp'
Building C object CMakeFiles/cmTC_8bf47.dir/CheckSymbolExists.c.o
/usr/bin/cc    -o CMakeFiles/cmTC_8bf47.dir/CheckSymbolExists.c.o   -c /home/fernando/Documentos/BE3AV/programas/build/CMakeFiles/CMakeTmp/CheckSymbolExists.c
Linking C executable cmTC_8bf47
/usr/bin/cmake -E cmake_link_script CMakeFiles/cmTC_8bf47.dir/link.txt --verbose=1
/usr/bin/cc      -rdynamic CMakeFiles/cmTC_8bf47.dir/CheckSymbolExists.c.o  -o cmTC_8bf47 
make[1]: Leaving directory '/home/fernando/Documentos/BE3AV/programas/build/CMakeFiles/CMakeTmp'

File /home/fernando/Documentos/BE3AV/programas/build/CMakeFiles/CMakeTmp/CheckSymbolExists.c:
/* */
#include <string.h>

int main(int argc, char** argv)
{
  (void)argv;
#ifndef strcasecmp
  return ((int*)(&strcasecmp))[argc];
#else
  (void)argc;
  return 0;
#endif
}

Determining if the strncasecmp exist passed with the following output:
Change Dir: /home/fernando/Documentos/BE3AV/programas/build/CMakeFiles/CMakeTmp

Run Build Command:"/usr/bin/make" "cmTC_1707a/fast"
/usr/bin/make -f CMakeFiles/cmTC_1707a.dir/build.make CMakeFiles/cmTC_1707a.dir/build
make[1]: Entering directory '/home/fernando/Documentos/BE3AV/programas/build/CMakeFiles/CMakeTmp'
Building C object CMakeFiles/cmTC_1707a.dir/CheckSymbolExists.c.o
/usr/bin/cc    -o CMakeFiles/cmTC_1707a.dir/CheckSymbolExists.c.o   -c /home/fernando/Documentos/BE3AV/programas/build/CMakeFiles/CMakeTmp/CheckSymbolExists.c
Linking C executable cmTC_1707a
/usr/bin/cmake -E cmake_link_script CMakeFiles/cmTC_1707a.dir/link.txt --verbose=1
/usr/bin/cc      -rdynamic CMakeFiles/cmTC_1707a.dir/CheckSymbolExists.c.o  -o cmTC_1707a 
make[1]: Leaving directory '/home/fernando/Documentos/BE3AV/programas/build/CMakeFiles/CMakeTmp'

File /home/fernando/Documentos/BE3AV/programas/build/CMakeFiles/CMakeTmp/CheckSymbolExists.c:
/* */
#include <string.h>

int main(int argc, char** argv)
{
  (void)argv;
#ifndef strncasecmp
  return ((int*)(&strncasecmp))[argc];
#else
  (void)argc;
  return 0;
#endif
}

Determining if the function dlopen exists in the dl passed with the following output:
Change Dir: /home/fernando/Documentos/BE3AV/programas/build/CMakeFiles/CMakeTmp

Run Build Command:"/usr/bin/make" "cmTC_d1c82/fast"
/usr/bin/make -f CMakeFiles/cmTC_d1c82.dir/build.make CMakeFiles/cmTC_d1c82.dir/build
make[1]: Entering directory '/home/fernando/Documentos/BE3AV/programas/build/CMakeFiles/CMakeTmp'
Building C object CMakeFiles/cmTC_d1c82.dir/CheckFunctionExists.c.o
/usr/bin/cc   -DCHECK_FUNCTION_EXISTS=dlopen   -o CMakeFiles/cmTC_d1c82.dir/CheckFunctionExists.c.o   -c /usr/share/cmake-3.10/Modules/CheckFunctionExists.c
Linking C executable cmTC_d1c82
/usr/bin/cmake -E cmake_link_script CMakeFiles/cmTC_d1c82.dir/link.txt --verbose=1
/usr/bin/cc  -DCHECK_FUNCTION_EXISTS=dlopen    -rdynamic CMakeFiles/cmTC_d1c82.dir/CheckFunctionExists.c.o  -o cmTC_d1c82 -ldl 
make[1]: Leaving directory '/home/fernando/Documentos/BE3AV/programas/build/CMakeFiles/CMakeTmp'


Determining if the include file sys/types.h exists passed with the following output:
Change Dir: /home/fernando/Documentos/BE3AV/programas/build/CMakeFiles/CMakeTmp

Run Build Command:"/usr/bin/make" "cmTC_0eefe/fast"
/usr/bin/make -f CMakeFiles/cmTC_0eefe.dir/build.make CMakeFiles/cmTC_0eefe.dir/build
make[1]: Entering directory '/home/fernando/Documentos/BE3AV/programas/build/CMakeFiles/CMakeTmp'
Building C object CMakeFiles/cmTC_0eefe.dir/CheckIncludeFile.c.o
/usr/bin/cc    -o CMakeFiles/cmTC_0eefe.dir/CheckIncludeFile.c.o   -c /home/fernando/Documentos/BE3AV/programas/build/CMakeFiles/CMakeTmp/CheckIncludeFile.c
Linking C executable cmTC_0eefe
/usr/bin/cmake -E cmake_link_script CMakeFiles/cmTC_0eefe.dir/link.txt --verbose=1
/usr/bin/cc      -rdynamic CMakeFiles/cmTC_0eefe.dir/CheckIncludeFile.c.o  -o cmTC_0eefe 
make[1]: Leaving directory '/home/fernando/Documentos/BE3AV/programas/build/CMakeFiles/CMakeTmp'


Determining if the include file stdint.h exists passed with the following output:
Change Dir: /home/fernando/Documentos/BE3AV/programas/build/CMakeFiles/CMakeTmp

Run Build Command:"/usr/bin/make" "cmTC_81db4/fast"
/usr/bin/make -f CMakeFiles/cmTC_81db4.dir/build.make CMakeFiles/cmTC_81db4.dir/build
make[1]: Entering directory '/home/fernando/Documentos/BE3AV/programas/build/CMakeFiles/CMakeTmp'
Building C object CMakeFiles/cmTC_81db4.dir/CheckIncludeFile.c.o
/usr/bin/cc    -o CMakeFiles/cmTC_81db4.dir/CheckIncludeFile.c.o   -c /home/fernando/Documentos/BE3AV/programas/build/CMakeFiles/CMakeTmp/CheckIncludeFile.c
Linking C executable cmTC_81db4
/usr/bin/cmake -E cmake_link_script CMakeFiles/cmTC_81db4.dir/link.txt --verbose=1
/usr/bin/cc      -rdynamic CMakeFiles/cmTC_81db4.dir/CheckIncludeFile.c.o  -o cmTC_81db4 
make[1]: Leaving directory '/home/fernando/Documentos/BE3AV/programas/build/CMakeFiles/CMakeTmp'


Determining if the include file stddef.h exists passed with the following output:
Change Dir: /home/fernando/Documentos/BE3AV/programas/build/CMakeFiles/CMakeTmp

Run Build Command:"/usr/bin/make" "cmTC_25c71/fast"
/usr/bin/make -f CMakeFiles/cmTC_25c71.dir/build.make CMakeFiles/cmTC_25c71.dir/build
make[1]: Entering directory '/home/fernando/Documentos/BE3AV/programas/build/CMakeFiles/CMakeTmp'
Building C object CMakeFiles/cmTC_25c71.dir/CheckIncludeFile.c.o
/usr/bin/cc    -o CMakeFiles/cmTC_25c71.dir/CheckIncludeFile.c.o   -c /home/fernando/Documentos/BE3AV/programas/build/CMakeFiles/CMakeTmp/CheckIncludeFile.c
Linking C executable cmTC_25c71
/usr/bin/cmake -E cmake_link_script CMakeFiles/cmTC_25c71.dir/link.txt --verbose=1
/usr/bin/cc      -rdynamic CMakeFiles/cmTC_25c71.dir/CheckIncludeFile.c.o  -o cmTC_25c71 
make[1]: Leaving directory '/home/fernando/Documentos/BE3AV/programas/build/CMakeFiles/CMakeTmp'


Determining size of clock_t passed with the following output:
Change Dir: /home/fernando/Documentos/BE3AV/programas/build/CMakeFiles/CMakeTmp

Run Build Command:"/usr/bin/make" "cmTC_ff331/fast"
/usr/bin/make -f CMakeFiles/cmTC_ff331.dir/build.make CMakeFiles/cmTC_ff331.dir/build
make[1]: Entering directory '/home/fernando/Documentos/BE3AV/programas/build/CMakeFiles/CMakeTmp'
Building C object CMakeFiles/cmTC_ff331.dir/CLOCK_T.c.o
/usr/bin/cc    -o CMakeFiles/cmTC_ff331.dir/CLOCK_T.c.o   -c /home/fernando/Documentos/BE3AV/programas/build/CMakeFiles/CheckTypeSize/CLOCK_T.c
Linking C executable cmTC_ff331
/usr/bin/cmake -E cmake_link_script CMakeFiles/cmTC_ff331.dir/link.txt --verbose=1
/usr/bin/cc      -rdynamic CMakeFiles/cmTC_ff331.dir/CLOCK_T.c.o  -o cmTC_ff331 
make[1]: Leaving directory '/home/fernando/Documentos/BE3AV/programas/build/CMakeFiles/CMakeTmp'


Performing C++ SOURCE FILE Test HAVE_GCC_VISIBILITY succeeded with the following output:
Change Dir: /home/fernando/Documentos/BE3AV/programas/build/CMakeFiles/CMakeTmp

Run Build Command:"/usr/bin/make" "cmTC_4c4b6/fast"
/usr/bin/make -f CMakeFiles/cmTC_4c4b6.dir/build.make CMakeFiles/cmTC_4c4b6.dir/build
make[1]: Entering directory '/home/fernando/Documentos/BE3AV/programas/build/CMakeFiles/CMakeTmp'
Building CXX object CMakeFiles/cmTC_4c4b6.dir/src.cxx.o
/usr/bin/c++    -DHAVE_GCC_VISIBILITY -Werror   -fvisibility=hidden -o CMakeFiles/cmTC_4c4b6.dir/src.cxx.o -c /home/fernando/Documentos/BE3AV/programas/build/CMakeFiles/CMakeTmp/src.cxx
Linking CXX executable cmTC_4c4b6
/usr/bin/cmake -E cmake_link_script CMakeFiles/cmTC_4c4b6.dir/link.txt --verbose=1
/usr/bin/c++   -DHAVE_GCC_VISIBILITY -Werror    -rdynamic CMakeFiles/cmTC_4c4b6.dir/src.cxx.o  -o cmTC_4c4b6 
make[1]: Leaving directory '/home/fernando/Documentos/BE3AV/programas/build/CMakeFiles/CMakeTmp'

Source file was:
int main() { return 0; }
Performing C++ SOURCE FILE Test HAVE_STD_SHARED_PTR succeeded with the following output:
Change Dir: /home/fernando/Documentos/BE3AV/programas/build/CMakeFiles/CMakeTmp

Run Build Command:"/usr/bin/make" "cmTC_44d3c/fast"
/usr/bin/make -f CMakeFiles/cmTC_44d3c.dir/build.make CMakeFiles/cmTC_44d3c.dir/build
make[1]: Entering directory '/home/fernando/Documentos/BE3AV/programas/build/CMakeFiles/CMakeTmp'
Building CXX object CMakeFiles/cmTC_44d3c.dir/src.cxx.o
/usr/bin/c++    -DHAVE_STD_SHARED_PTR -Werror   -o CMakeFiles/cmTC_44d3c.dir/src.cxx.o -c /home/fernando/Documentos/BE3AV/programas/build/CMakeFiles/CMakeTmp/src.cxx
Linking CXX executable cmTC_44d3c
/usr/bin/cmake -E cmake_link_script CMakeFiles/cmTC_44d3c.dir/link.txt --verbose=1
/usr/bin/c++   -DHAVE_STD_SHARED_PTR -Werror    -rdynamic CMakeFiles/cmTC_44d3c.dir/src.cxx.o  -o cmTC_44d3c 
make[1]: Leaving directory '/home/fernando/Documentos/BE3AV/programas/build/CMakeFiles/CMakeTmp'

Source file was:
#include <memory>
                           int main(){ std::shared_ptr<int> p; return 0; }
Performing C++ SOURCE FILE Test HAVE_STD_TR1_SHARED_PTR_IN_TR1_HEADER succeeded with the following output:
Change Dir: /home/fernando/Documentos/BE3AV/programas/build/CMakeFiles/CMakeTmp

Run Build Command:"/usr/bin/make" "cmTC_263c7/fast"
/usr/bin/make -f CMakeFiles/cmTC_263c7.dir/build.make CMakeFiles/cmTC_263c7.dir/build
make[1]: Entering directory '/home/fernando/Documentos/BE3AV/programas/build/CMakeFiles/CMakeTmp'
Building CXX object CMakeFiles/cmTC_263c7.dir/src.cxx.o
/usr/bin/c++    -DHAVE_STD_TR1_SHARED_PTR_IN_TR1_HEADER -Werror   -o CMakeFiles/cmTC_263c7.dir/src.cxx.o -c /home/fernando/Documentos/BE3AV/programas/build/CMakeFiles/CMakeTmp/src.cxx
Linking CXX executable cmTC_263c7
/usr/bin/cmake -E cmake_link_script CMakeFiles/cmTC_263c7.dir/link.txt --verbose=1
/usr/bin/c++   -DHAVE_STD_TR1_SHARED_PTR_IN_TR1_HEADER -Werror    -rdynamic CMakeFiles/cmTC_263c7.dir/src.cxx.o  -o cmTC_263c7 
make[1]: Leaving directory '/home/fernando/Documentos/BE3AV/programas/build/CMakeFiles/CMakeTmp'

Source file was:
#include <tr1/memory>
                           int main(){ std::tr1::shared_ptr<int> p; return 0; }
Determining if the function getopt exists passed with the following output:
Change Dir: /home/fernando/Documentos/BE3AV/programas/build/CMakeFiles/CMakeTmp

Run Build Command:"/usr/bin/make" "cmTC_a8588/fast"
/usr/bin/make -f CMakeFiles/cmTC_a8588.dir/build.make CMakeFiles/cmTC_a8588.dir/build
make[1]: Entering directory '/home/fernando/Documentos/BE3AV/programas/build/CMakeFiles/CMakeTmp'
Building C object CMakeFiles/cmTC_a8588.dir/CheckFunctionExists.c.o
/usr/bin/cc   -DCHECK_FUNCTION_EXISTS=getopt -Werror   -o CMakeFiles/cmTC_a8588.dir/CheckFunctionExists.c.o   -c /usr/share/cmake-3.10/Modules/CheckFunctionExists.c
Linking C executable cmTC_a8588
/usr/bin/cmake -E cmake_link_script CMakeFiles/cmTC_a8588.dir/link.txt --verbose=1
/usr/bin/cc  -DCHECK_FUNCTION_EXISTS=getopt -Werror    -rdynamic CMakeFiles/cmTC_a8588.dir/CheckFunctionExists.c.o  -o cmTC_a8588 
make[1]: Leaving directory '/home/fernando/Documentos/BE3AV/programas/build/CMakeFiles/CMakeTmp'


